INFO	2024/06/05 11:11:43 Starting server on :4000
INFO	2024/06/05 12:56:02 Starting server on :4000
INFO	2024/06/05 13:08:12 Starting server on :4000
INFO	2024/06/05 13:08:27 [::1]:55377 -HTTP/1.1 GET /
INFO	2024/06/05 13:17:37 Starting server on :4000
INFO	2024/06/05 13:21:06 Starting server on :4000
INFO	2024/06/05 13:23:33 [::1]:55451 -HTTP/1.1 GET /
INFO	2024/06/05 13:23:33 [::1]:55451 -HTTP/1.1 GET /static/css/main.css
INFO	2024/06/05 13:24:25 [::1]:55451 -HTTP/1.1 GET /
INFO	2024/06/05 13:24:34 Starting server on :4000
INFO	2024/06/05 13:24:41 [::1]:55462 -HTTP/1.1 GET /
INFO	2024/06/05 13:26:13 Starting server on :4000
INFO	2024/06/05 13:26:13 [::1]:55470 -HTTP/1.1 GET /
INFO	2024/06/05 13:26:22 [::1]:55470 -HTTP/1.1 GET /
INFO	2024/06/05 14:36:06 Starting server on :4000
INFO	2024/06/05 14:47:13 Starting server on :4000
INFO	2024/06/05 14:47:23 [::1]:55819 -HTTP/1.1 GET /
INFO	2024/06/05 14:56:04 [::1]:55839 -HTTP/1.1 GET /
INFO	2024/06/05 14:56:05 [::1]:55839 -HTTP/1.1 GET /static/css/main.css
INFO	2024/06/05 14:56:05 [::1]:55839 -HTTP/1.1 GET /
INFO	2024/06/05 14:56:05 [::1]:55839 -HTTP/1.1 GET /
INFO	2024/06/05 15:12:44 Starting server on :4000
INFO	2024/06/05 15:13:20 [::1]:55928 -HTTP/1.1 GET /
INFO	2024/06/05 15:21:28 Starting server on :4000
INFO	2024/06/05 15:21:37 [::1]:55976 -HTTP/1.1 GET /
INFO	2024/06/05 15:21:40 [::1]:55976 -HTTP/1.1 POST /addTaskPage
INFO	2024/06/05 15:21:40 [::1]:55976 -HTTP/1.1 GET /
INFO	2024/06/05 15:21:42 [::1]:55976 -HTTP/1.1 GET /
INFO	2024/06/05 15:34:16 Starting server on :4000
INFO	2024/06/05 15:34:32 [::1]:56030 -HTTP/1.1 GET /
INFO	2024/06/05 15:34:33 [::1]:56031 -HTTP/1.1 GET /
INFO	2024/06/05 15:34:33 [::1]:56032 -HTTP/1.1 GET /
INFO	2024/06/05 15:34:33 [::1]:56033 -HTTP/1.1 GET /
INFO	2024/06/05 15:34:38 [::1]:56035 -HTTP/1.1 GET /
INFO	2024/06/05 15:35:08 [::1]:56036 -HTTP/1.1 GET /
INFO	2024/06/05 15:35:08 [::1]:56040 -HTTP/1.1 GET /
INFO	2024/06/05 15:35:08 [::1]:56041 -HTTP/1.1 GET /
INFO	2024/06/05 15:36:08 [::1]:56048 -HTTP/1.1 GET /
INFO	2024/06/05 15:41:08 [::1]:56069 -HTTP/1.1 GET /
INFO	2024/06/05 15:51:02 Starting server on :4000
INFO	2024/06/05 15:51:08 [::1]:56107 -HTTP/1.1 GET /
INFO	2024/06/05 15:51:13 [::1]:56108 -HTTP/1.1 GET /
INFO	2024/06/05 15:52:08 Starting server on :4000
INFO	2024/06/05 15:52:18 [::1]:56118 -HTTP/1.1 GET /
INFO	2024/06/05 15:54:16 Starting server on :4000
INFO	2024/06/05 15:54:26 [::1]:56128 -HTTP/1.1 GET /
INFO	2024/06/05 15:54:27 [::1]:56129 -HTTP/1.1 GET /
INFO	2024/06/05 15:54:27 [::1]:56130 -HTTP/1.1 GET /
INFO	2024/06/05 15:54:27 [::1]:56131 -HTTP/1.1 GET /
INFO	2024/06/05 15:54:32 [::1]:56132 -HTTP/1.1 GET /
INFO	2024/06/05 15:55:02 [::1]:56133 -HTTP/1.1 GET /
INFO	2024/06/05 15:55:02 [::1]:56135 -HTTP/1.1 GET /
INFO	2024/06/05 15:55:02 [::1]:56136 -HTTP/1.1 GET /
INFO	2024/06/05 15:55:26 Starting server on :4000
INFO	2024/06/05 15:55:35 [::1]:56143 -HTTP/1.1 GET /
INFO	2024/06/05 15:55:53 [::1]:56144 -HTTP/1.1 GET /
INFO	2024/06/05 15:57:51 [::1]:56160 -HTTP/1.1 GET /
INFO	2024/06/05 17:32:44 Starting server on :4000
INFO	2024/06/05 17:33:01 [::1]:56792 -HTTP/1.1 GET /
INFO	2024/06/05 17:33:01 [::1]:56792 -HTTP/1.1 GET /static/css/main.css
INFO	2024/06/05 17:50:06 Starting server on :4000
INFO	2024/06/05 17:50:20 [::1]:57049 -HTTP/1.1 POST /updatetask?update=John%20Cena&id=25
INFO	2024/06/05 17:50:20 [::1]:57049 -HTTP/1.1 GET /
INFO	2024/06/05 17:50:34 [::1]:57053 -HTTP/1.1 GET /
INFO	2024/06/05 17:53:24 [::1]:57049 -HTTP/1.1 POST /updatetask?update=Lionel%20Messi&id=24
INFO	2024/06/05 17:53:24 [::1]:57049 -HTTP/1.1 GET /
INFO	2024/06/05 18:14:55 [::1]:57146 -HTTP/1.1 POST /addTaskPage
INFO	2024/06/05 18:14:55 [::1]:57146 -HTTP/1.1 GET /
INFO	2024/06/05 18:15:03 [::1]:57146 -HTTP/1.1 POST /updatetask?id=28
INFO	2024/06/05 18:15:03 [::1]:57146 -HTTP/1.1 GET /
INFO	2024/06/05 18:15:26 [::1]:57146 -HTTP/1.1 POST /updatetask?id=28
INFO	2024/06/05 18:15:26 [::1]:57146 -HTTP/1.1 GET /
INFO	2024/06/05 18:15:27 [::1]:57146 -HTTP/1.1 POST /updatetask?id=26
INFO	2024/06/05 18:15:27 [::1]:57146 -HTTP/1.1 GET /
INFO	2024/06/05 18:33:35 [::1]:57752 -HTTP/1.1 POST /addTaskPage
INFO	2024/06/05 18:33:35 [::1]:57752 -HTTP/1.1 GET /
INFO	2024/06/05 18:52:49 Starting server on :4000
INFO	2024/06/05 18:52:59 [::1]:57834 -HTTP/1.1 GET /
INFO	2024/06/05 18:53:07 [::1]:57834 -HTTP/1.1 POST /addTaskPage
INFO	2024/06/05 18:53:07 [::1]:57834 -HTTP/1.1 GET /
INFO	2024/06/05 19:04:15 [::1]:57880 -HTTP/1.1 GET /
INFO	2024/06/05 19:04:27 Starting server on :4000
INFO	2024/06/05 19:05:06 [::1]:57887 -HTTP/1.1 GET /
INFO	2024/06/05 19:07:19 [::1]:57887 -HTTP/1.1 POST /tasksdelete?id=29
INFO	2024/06/05 19:07:19 [::1]:57887 -HTTP/1.1 GET /
INFO	2024/06/05 19:36:52 Starting server on :4000
INFO	2024/06/05 19:37:02 [::1]:58066 -HTTP/1.1 GET /
INFO	2024/06/05 19:37:02 [::1]:58066 -HTTP/1.1 GET /static/css/main.css
INFO	2024/06/05 19:37:29 Starting server on :4000
INFO	2024/06/05 19:37:45 [::1]:58073 -HTTP/1.1 POST /addTaskPage
INFO	2024/06/05 19:37:52 [::1]:58073 -HTTP/1.1 POST /addTaskPage
INFO	2024/06/06 09:44:37 Starting server on :4000
INFO	2024/06/06 09:44:46 [::1]:58778 -HTTP/1.1 GET /
INFO	2024/06/06 09:44:46 [::1]:58778 -HTTP/1.1 GET /static/css/main.css
INFO	2024/06/06 09:44:47 [::1]:58778 -HTTP/1.1 GET /
INFO	2024/06/06 09:45:02 [::1]:58778 -HTTP/1.1 POST /addTaskPage
INFO	2024/06/06 09:45:02 [::1]:58778 -HTTP/1.1 GET /
INFO	2024/06/06 09:45:21 [::1]:58778 -HTTP/1.1 POST /updatetask?id=31
INFO	2024/06/06 09:45:21 [::1]:58778 -HTTP/1.1 GET /
INFO	2024/06/06 10:02:32 [::1]:58921 -HTTP/1.1 POST /addTaskPage
INFO	2024/06/06 10:02:32 [::1]:58921 -HTTP/1.1 GET /
INFO	2024/06/06 10:12:19 [::1]:59029 -HTTP/1.1 POST /updatetask?id=30
INFO	2024/06/06 10:12:19 [::1]:59029 -HTTP/1.1 GET /
INFO	2024/06/06 10:23:39 [::1]:59423 -HTTP/1.1 POST /tasksdelete?id=24
INFO	2024/06/06 10:23:39 [::1]:59423 -HTTP/1.1 GET /
INFO	2024/06/06 10:24:22 [::1]:59423 -HTTP/1.1 POST /addTaskPage
INFO	2024/06/06 10:24:30 [::1]:59423 -HTTP/1.1 GET /addTaskPage
INFO	2024/06/06 10:25:15 [::1]:59423 -HTTP/1.1 POST /addTaskPage
INFO	2024/06/06 10:33:56 Starting server on :4000
INFO	2024/06/06 10:34:04 [::1]:59573 -HTTP/1.1 GET /
INFO	2024/06/06 10:35:14 Starting server on :4000
INFO	2024/06/06 10:35:21 [::1]:59590 -HTTP/1.1 GET /
INFO	2024/06/06 10:39:11 Starting server on :4000
INFO	2024/06/06 10:39:26 [::1]:59633 -HTTP/1.1 POST /addTaskPage
INFO	2024/06/06 10:39:26 [::1]:59633 -HTTP/1.1 GET /
INFO	2024/06/06 10:41:29 [::1]:59633 -HTTP/1.1 GET /
INFO	2024/06/06 10:41:30 [::1]:59633 -HTTP/1.1 GET /
INFO	2024/06/06 10:41:30 [::1]:59633 -HTTP/1.1 GET /
INFO	2024/06/06 10:42:16 [::1]:59633 -HTTP/1.1 GET /
INFO	2024/06/06 10:42:17 [::1]:59633 -HTTP/1.1 GET /
INFO	2024/06/06 10:42:37 [::1]:59633 -HTTP/1.1 GET /
INFO	2024/06/06 10:42:48 [::1]:59633 -HTTP/1.1 POST /addTaskPage
INFO	2024/06/06 10:42:48 [::1]:59633 -HTTP/1.1 GET /
INFO	2024/06/06 10:45:49 [::1]:59633 -HTTP/1.1 POST /addTaskPage
INFO	2024/06/06 10:45:49 [::1]:59633 -HTTP/1.1 GET /
INFO	2024/06/06 10:47:40 Starting server on :4000
INFO	2024/06/06 10:47:52 [::1]:59777 -HTTP/1.1 GET /
INFO	2024/06/06 10:48:35 [::1]:59777 -HTTP/1.1 GET /
INFO	2024/06/06 10:48:52 Starting server on :4000
INFO	2024/06/06 10:48:59 [::1]:59821 -HTTP/1.1 GET /
INFO	2024/06/06 10:49:09 [::1]:59821 -HTTP/1.1 POST /updatetask?id=25
INFO	2024/06/06 10:49:09 [::1]:59821 -HTTP/1.1 GET /
INFO	2024/06/06 10:50:14 Starting server on :4000
INFO	2024/06/06 10:50:23 [::1]:59873 -HTTP/1.1 GET /
INFO	2024/06/06 10:50:36 [::1]:59873 -HTTP/1.1 POST /addTaskPage
INFO	2024/06/06 10:50:36 [::1]:59873 -HTTP/1.1 GET /
INFO	2024/06/06 10:51:23 Starting server on :4000
INFO	2024/06/06 10:51:33 [::1]:59924 -HTTP/1.1 GET /
INFO	2024/06/06 10:51:46 [::1]:59924 -HTTP/1.1 POST /updatetask?id=25
INFO	2024/06/06 10:51:46 [::1]:59924 -HTTP/1.1 GET /
INFO	2024/06/06 10:51:52 [::1]:59924 -HTTP/1.1 POST /updatetask?id=25
INFO	2024/06/06 10:51:52 [::1]:59924 -HTTP/1.1 GET /
INFO	2024/06/06 10:51:56 [::1]:59924 -HTTP/1.1 POST /updatetask?id=25
INFO	2024/06/06 10:51:56 [::1]:59924 -HTTP/1.1 GET /
INFO	2024/06/06 10:52:09 [::1]:59924 -HTTP/1.1 POST /updatetask?id=25
INFO	2024/06/06 10:52:09 [::1]:59924 -HTTP/1.1 GET /
INFO	2024/06/06 10:52:11 [::1]:59924 -HTTP/1.1 POST /updatetask?id=25
INFO	2024/06/06 10:52:11 [::1]:59924 -HTTP/1.1 GET /
INFO	2024/06/06 10:55:55 Starting server on :4000
INFO	2024/06/06 10:56:08 [::1]:59984 -HTTP/1.1 POST /updatetask?id=25
INFO	2024/06/06 10:56:08 [::1]:59984 -HTTP/1.1 GET /
INFO	2024/06/06 10:57:26 Starting server on :4000
INFO	2024/06/06 10:57:38 [::1]:60004 -HTTP/1.1 POST /updatetask?id=25
INFO	2024/06/06 10:57:38 [::1]:60004 -HTTP/1.1 GET /
INFO	2024/06/06 10:58:11 [::1]:60004 -HTTP/1.1 POST /addTaskPage
INFO	2024/06/06 10:58:24 [::1]:60004 -HTTP/1.1 POST /addTaskPage
INFO	2024/06/06 10:58:24 [::1]:60004 -HTTP/1.1 GET /
INFO	2024/06/06 10:58:26 [::1]:60004 -HTTP/1.1 GET /
INFO	2024/06/06 10:58:27 [::1]:60004 -HTTP/1.1 GET /
INFO	2024/06/06 10:58:31 [::1]:60004 -HTTP/1.1 GET /
INFO	2024/06/06 10:58:31 [::1]:60004 -HTTP/1.1 GET /
INFO	2024/06/06 10:58:31 [::1]:60004 -HTTP/1.1 GET /
INFO	2024/06/06 10:58:32 [::1]:60004 -HTTP/1.1 GET /
INFO	2024/06/06 10:58:32 [::1]:60004 -HTTP/1.1 GET /
INFO	2024/06/06 11:01:03 Starting server on :4000
INFO	2024/06/06 11:01:16 [::1]:60038 -HTTP/1.1 GET /
INFO	2024/06/06 11:01:18 [::1]:60038 -HTTP/1.1 GET /
INFO	2024/06/06 11:01:25 [::1]:60038 -HTTP/1.1 POST /updatetask?id=25
INFO	2024/06/06 11:01:25 [::1]:60038 -HTTP/1.1 GET /
INFO	2024/06/06 11:02:28 Starting server on :4000
INFO	2024/06/06 11:02:38 [::1]:60053 -HTTP/1.1 GET /
INFO	2024/06/06 11:03:35 Starting server on :4000
INFO	2024/06/06 11:03:43 [::1]:60081 -HTTP/1.1 GET /
INFO	2024/06/06 11:03:51 [::1]:60081 -HTTP/1.1 POST /addTaskPage
INFO	2024/06/06 11:03:51 [::1]:60081 -HTTP/1.1 GET /
INFO	2024/06/06 11:03:56 [::1]:60081 -HTTP/1.1 POST /tasksdelete?id=25
INFO	2024/06/06 11:03:56 [::1]:60081 -HTTP/1.1 GET /
INFO	2024/06/06 11:04:00 [::1]:60081 -HTTP/1.1 POST /updatetask?id=26
INFO	2024/06/06 11:04:00 [::1]:60081 -HTTP/1.1 GET /
INFO	2024/06/06 11:04:27 [::1]:60081 -HTTP/1.1 POST /addTaskPage
INFO	2024/06/06 11:04:38 [::1]:60081 -HTTP/1.1 POST /updatetask?id=26
INFO	2024/06/06 11:04:38 [::1]:60081 -HTTP/1.1 GET /
INFO	2024/06/06 11:04:48 [::1]:60081 -HTTP/1.1 POST /addTaskPage
INFO	2024/06/06 11:07:06 [::1]:60081 -HTTP/1.1 POST /addTaskPage
INFO	2024/06/06 11:07:06 [::1]:60081 -HTTP/1.1 GET /
INFO	2024/06/06 11:07:32 Starting server on :4000
INFO	2024/06/06 11:07:50 [::1]:60116 -HTTP/1.1 POST /addTaskPage
INFO	2024/06/06 11:16:50 Starting server on :4000
INFO	2024/06/06 11:19:08 [::1]:60362 -HTTP/1.1 POST /addTaskPage
INFO	2024/06/06 11:19:08 [::1]:60362 -HTTP/1.1 GET /
INFO	2024/06/06 11:19:14 [::1]:60362 -HTTP/1.1 POST /updatetask?id=26
INFO	2024/06/06 11:19:14 [::1]:60362 -HTTP/1.1 GET /
INFO	2024/06/06 11:19:21 [::1]:60362 -HTTP/1.1 POST /tasksdelete?id=26
INFO	2024/06/06 11:19:21 [::1]:60362 -HTTP/1.1 GET /
INFO	2024/06/06 11:19:26 [::1]:60362 -HTTP/1.1 POST /addTaskPage
INFO	2024/06/06 11:19:33 [::1]:60362 -HTTP/1.1 POST /addTaskPage
INFO	2024/06/06 11:20:31 Starting server on :4000
INFO	2024/06/06 11:20:41 [::1]:60382 -HTTP/1.1 GET /
INFO	2024/06/06 11:20:48 [::1]:60382 -HTTP/1.1 POST /addTaskPage
INFO	2024/06/06 11:20:48 [::1]:60382 -HTTP/1.1 GET /
INFO	2024/06/06 11:20:56 [::1]:60382 -HTTP/1.1 POST /addTaskPage
INFO	2024/06/06 11:23:59 Starting server on :4000
INFO	2024/06/06 11:24:13 [::1]:60412 -HTTP/1.1 POST /addTaskPage
INFO	2024/06/06 11:24:13 [::1]:60412 -HTTP/1.1 GET /
INFO	2024/06/06 11:24:20 [::1]:60412 -HTTP/1.1 POST /addTaskPage
INFO	2024/06/06 11:24:20 [::1]:60412 -HTTP/1.1 GET /
INFO	2024/06/06 11:24:26 [::1]:60412 -HTTP/1.1 POST /addTaskPage
INFO	2024/06/06 11:24:26 [::1]:60412 -HTTP/1.1 GET /
INFO	2024/06/06 11:38:52 Starting server on :4000
INFO	2024/06/06 11:39:04 [::1]:60538 -HTTP/1.1 POST /updatetask?id=27
INFO	2024/06/06 11:39:04 [::1]:60538 -HTTP/1.1 GET /
INFO	2024/06/06 11:39:05 [::1]:60538 -HTTP/1.1 POST /updatetask?id=27
INFO	2024/06/06 11:39:05 [::1]:60538 -HTTP/1.1 GET /
INFO	2024/06/06 11:39:06 [::1]:60538 -HTTP/1.1 POST /updatetask?id=27
INFO	2024/06/06 11:39:06 [::1]:60538 -HTTP/1.1 GET /
INFO	2024/06/06 11:39:07 [::1]:60538 -HTTP/1.1 POST /updatetask?id=27
INFO	2024/06/06 11:39:07 [::1]:60538 -HTTP/1.1 GET /
INFO	2024/06/06 11:39:35 [::1]:60538 -HTTP/1.1 POST /updatetask?id=27
INFO	2024/06/06 11:39:35 [::1]:60538 -HTTP/1.1 GET /
INFO	2024/06/06 11:39:36 [::1]:60538 -HTTP/1.1 POST /updatetask?id=27
INFO	2024/06/06 11:39:36 [::1]:60538 -HTTP/1.1 GET /
INFO	2024/06/06 11:39:50 [::1]:60538 -HTTP/1.1 POST /addTaskPage
INFO	2024/06/06 11:39:50 [::1]:60538 -HTTP/1.1 GET /
INFO	2024/06/06 11:42:08 Starting server on :4000
INFO	2024/06/06 11:42:08 [::1]:60572 -HTTP/1.1 GET /
INFO	2024/06/06 11:42:15 [::1]:60572 -HTTP/1.1 POST /updatetask?id=27
INFO	2024/06/06 11:42:15 [::1]:60572 -HTTP/1.1 GET /
INFO	2024/06/06 11:42:20 [::1]:60572 -HTTP/1.1 POST /updatetask?id=27
INFO	2024/06/06 11:42:20 [::1]:60572 -HTTP/1.1 GET /
INFO	2024/06/06 11:42:46 [::1]:60572 -HTTP/1.1 POST /tasksdelete?id=27
INFO	2024/06/06 11:42:46 [::1]:60572 -HTTP/1.1 GET /
INFO	2024/06/06 11:42:47 [::1]:60572 -HTTP/1.1 POST /tasksdelete?id=28
INFO	2024/06/06 11:42:47 [::1]:60572 -HTTP/1.1 GET /
INFO	2024/06/06 11:42:48 [::1]:60572 -HTTP/1.1 POST /tasksdelete?id=30
INFO	2024/06/06 11:42:48 [::1]:60572 -HTTP/1.1 GET /
INFO	2024/06/06 11:42:48 [::1]:60572 -HTTP/1.1 POST /tasksdelete?id=31
INFO	2024/06/06 11:42:48 [::1]:60572 -HTTP/1.1 GET /
INFO	2024/06/06 11:42:49 [::1]:60572 -HTTP/1.1 POST /tasksdelete?id=32
INFO	2024/06/06 11:42:49 [::1]:60572 -HTTP/1.1 GET /
INFO	2024/06/06 11:42:49 [::1]:60572 -HTTP/1.1 POST /tasksdelete?id=33
INFO	2024/06/06 11:42:49 [::1]:60572 -HTTP/1.1 GET /
INFO	2024/06/06 11:42:49 [::1]:60572 -HTTP/1.1 POST /tasksdelete?id=34
INFO	2024/06/06 11:42:49 [::1]:60572 -HTTP/1.1 GET /
INFO	2024/06/06 11:42:50 [::1]:60572 -HTTP/1.1 POST /tasksdelete?id=35
INFO	2024/06/06 11:42:50 [::1]:60572 -HTTP/1.1 GET /
INFO	2024/06/06 11:42:50 [::1]:60572 -HTTP/1.1 POST /tasksdelete?id=36
INFO	2024/06/06 11:42:50 [::1]:60572 -HTTP/1.1 GET /
INFO	2024/06/06 11:42:50 [::1]:60572 -HTTP/1.1 POST /tasksdelete?id=37
INFO	2024/06/06 11:42:50 [::1]:60572 -HTTP/1.1 GET /
INFO	2024/06/06 11:42:51 [::1]:60572 -HTTP/1.1 POST /tasksdelete?id=38
INFO	2024/06/06 11:42:51 [::1]:60572 -HTTP/1.1 GET /
INFO	2024/06/06 11:42:51 [::1]:60572 -HTTP/1.1 POST /tasksdelete?id=39
INFO	2024/06/06 11:42:51 [::1]:60572 -HTTP/1.1 GET /
INFO	2024/06/06 11:42:51 [::1]:60572 -HTTP/1.1 POST /tasksdelete?id=40
INFO	2024/06/06 11:42:51 [::1]:60572 -HTTP/1.1 GET /
INFO	2024/06/06 11:42:52 [::1]:60572 -HTTP/1.1 POST /tasksdelete?id=41
INFO	2024/06/06 11:42:52 [::1]:60572 -HTTP/1.1 GET /
INFO	2024/06/06 11:42:52 [::1]:60572 -HTTP/1.1 POST /tasksdelete?id=42
INFO	2024/06/06 11:42:52 [::1]:60572 -HTTP/1.1 GET /
INFO	2024/06/06 11:42:52 [::1]:60572 -HTTP/1.1 POST /tasksdelete?id=43
INFO	2024/06/06 11:42:52 [::1]:60572 -HTTP/1.1 GET /
INFO	2024/06/06 11:42:53 [::1]:60572 -HTTP/1.1 POST /tasksdelete?id=44
INFO	2024/06/06 11:42:53 [::1]:60572 -HTTP/1.1 GET /
INFO	2024/06/06 11:42:58 [::1]:60572 -HTTP/1.1 POST /addTaskPage
INFO	2024/06/06 11:42:58 [::1]:60572 -HTTP/1.1 GET /
INFO	2024/06/06 11:43:00 [::1]:60572 -HTTP/1.1 POST /updatetask?id=45
INFO	2024/06/06 11:43:00 [::1]:60572 -HTTP/1.1 GET /
INFO	2024/06/06 12:02:52 [::1]:60726 -HTTP/1.1 POST /updatetask?id=45
INFO	2024/06/06 12:02:52 [::1]:60726 -HTTP/1.1 GET /
INFO	2024/06/06 12:11:31 Starting server on :4000
INFO	2024/06/06 12:11:59 [::1]:60792 -HTTP/1.1 POST /updatetask?id=45
INFO	2024/06/06 12:11:59 [::1]:60792 -HTTP/1.1 GET /
INFO	2024/06/06 12:12:03 [::1]:60792 -HTTP/1.1 POST /addTaskPage
INFO	2024/06/06 12:12:03 [::1]:60792 -HTTP/1.1 GET /
INFO	2024/06/06 12:12:08 [::1]:60792 -HTTP/1.1 POST /updatetask?id=45
INFO	2024/06/06 12:12:08 [::1]:60792 -HTTP/1.1 GET /
INFO	2024/06/06 12:12:09 [::1]:60792 -HTTP/1.1 GET /
INFO	2024/06/06 12:12:10 [::1]:60792 -HTTP/1.1 GET /
INFO	2024/06/06 12:12:11 [::1]:60792 -HTTP/1.1 POST /tasksdelete?id=45
INFO	2024/06/06 12:12:11 [::1]:60792 -HTTP/1.1 GET /
INFO	2024/06/06 12:12:22 [::1]:60792 -HTTP/1.1 POST /addTaskPage
INFO	2024/06/06 12:12:22 [::1]:60792 -HTTP/1.1 GET /
INFO	2024/06/06 12:12:27 [::1]:60792 -HTTP/1.1 POST /updatetask?id=46
INFO	2024/06/06 12:12:27 [::1]:60792 -HTTP/1.1 GET /
INFO	2024/06/06 12:12:38 [::1]:60792 -HTTP/1.1 POST /updatetask?id=46
INFO	2024/06/06 12:12:38 [::1]:60792 -HTTP/1.1 GET /
INFO	2024/06/06 12:12:44 [::1]:60792 -HTTP/1.1 POST /updatetask?id=46
INFO	2024/06/06 12:12:44 [::1]:60792 -HTTP/1.1 GET /
INFO	2024/06/06 12:53:24 Starting server on :4000
INFO	2024/06/06 12:53:25 [::1]:60953 -HTTP/1.1 GET /
INFO	2024/06/06 12:53:31 [::1]:60953 -HTTP/1.1 GET /
INFO	2024/06/06 12:56:14 [::1]:60953 -HTTP/1.1 GET /user/signup
INFO	2024/06/06 13:00:23 [::1]:60953 -HTTP/1.1 GET /
INFO	2024/06/06 13:00:25 [::1]:60953 -HTTP/1.1 GET /
INFO	2024/06/06 13:00:25 [::1]:60953 -HTTP/1.1 GET /static/css/main.css
INFO	2024/06/06 13:00:25 [::1]:60953 -HTTP/1.1 GET /favicon.ico
INFO	2024/06/06 13:00:25 [::1]:60953 -HTTP/1.1 GET /
INFO	2024/06/06 13:00:25 [::1]:60953 -HTTP/1.1 GET /static/css/main.css
INFO	2024/06/06 13:00:25 [::1]:60953 -HTTP/1.1 GET /favicon.ico
INFO	2024/06/06 13:01:23 [::1]:60953 -HTTP/1.1 GET /
INFO	2024/06/06 13:01:23 [::1]:60953 -HTTP/1.1 GET /static/css/main.css
INFO	2024/06/06 14:24:04 [::1]:61178 -HTTP/1.1 GET /
INFO	2024/06/06 14:24:04 [::1]:61178 -HTTP/1.1 GET /static/css/main.css
INFO	2024/06/06 14:24:25 [::1]:61178 -HTTP/1.1 GET /
INFO	2024/06/06 14:24:25 [::1]:61178 -HTTP/1.1 GET /static/css/main.css
INFO	2024/06/06 14:31:23 [::1]:61211 -HTTP/1.1 GET /
INFO	2024/06/06 14:31:23 [::1]:61211 -HTTP/1.1 GET /static/css/main.css
INFO	2024/06/06 14:31:33 [::1]:61211 -HTTP/1.1 GET /
INFO	2024/06/06 14:31:33 [::1]:61211 -HTTP/1.1 GET /static/css/main.css
INFO	2024/06/06 14:31:44 [::1]:61211 -HTTP/1.1 POST /addTaskPage
INFO	2024/06/06 14:31:44 [::1]:61211 -HTTP/1.1 GET /
INFO	2024/06/06 14:31:44 [::1]:61211 -HTTP/1.1 GET /static/css/main.css
INFO	2024/06/06 14:31:52 [::1]:61211 -HTTP/1.1 POST /updatetask?id=46
INFO	2024/06/06 14:31:52 [::1]:61211 -HTTP/1.1 GET /
INFO	2024/06/06 14:31:52 [::1]:61211 -HTTP/1.1 GET /static/css/main.css
INFO	2024/06/06 14:31:59 [::1]:61211 -HTTP/1.1 POST /tasksdelete?id=46
INFO	2024/06/06 14:31:59 [::1]:61211 -HTTP/1.1 GET /
INFO	2024/06/06 14:31:59 [::1]:61211 -HTTP/1.1 GET /static/css/main.css
INFO	2024/06/06 14:35:30 [::1]:61211 -HTTP/1.1 GET /
INFO	2024/06/06 14:35:30 [::1]:61211 -HTTP/1.1 GET /static/css/main.css
INFO	2024/06/06 14:35:34 [::1]:61211 -HTTP/1.1 POST /tasksdelete?id=47
INFO	2024/06/06 14:35:34 [::1]:61211 -HTTP/1.1 GET /
INFO	2024/06/06 14:35:37 [::1]:61211 -HTTP/1.1 GET /
INFO	2024/06/06 15:41:12 Starting server on :4000
INFO	2024/06/06 15:41:21 [::1]:61668 -HTTP/1.1 GET /
INFO	2024/06/06 15:41:21 [::1]:61668 -HTTP/1.1 GET /static/css/main.css
INFO	2024/06/06 15:41:30 [::1]:61668 -HTTP/1.1 POST /addTaskPage
INFO	2024/06/06 15:41:30 [::1]:61668 -HTTP/1.1 GET /
INFO	2024/06/06 15:41:39 [::1]:61668 -HTTP/1.1 GET /user/signup
INFO	2024/06/06 15:42:43 [::1]:61668 -HTTP/1.1 GET /user/signup
INFO	2024/06/06 15:43:01 [::1]:61668 -HTTP/1.1 GET /user/signup
INFO	2024/06/06 16:00:52 Starting server on :4000
INFO	2024/06/06 16:01:08 [::1]:61786 -HTTP/1.1 GET /
INFO	2024/06/06 16:01:08 [::1]:61786 -HTTP/1.1 GET /static/css/main.css
INFO	2024/06/06 16:01:09 [::1]:61786 -HTTP/1.1 GET /
INFO	2024/06/06 16:01:11 [::1]:61786 -HTTP/1.1 POST /tasksdelete?id=48
INFO	2024/06/06 16:01:11 [::1]:61786 -HTTP/1.1 GET /
INFO	2024/06/06 16:01:13 [::1]:61786 -HTTP/1.1 GET /
INFO	2024/06/06 16:01:15 [::1]:61786 -HTTP/1.1 GET /user/signup
INFO	2024/06/06 16:01:19 [::1]:61786 -HTTP/1.1 GET /user/signup
INFO	2024/06/06 16:04:42 Starting server on :4000
INFO	2024/06/06 16:04:50 [::1]:61805 -HTTP/1.1 GET /user/signup
INFO	2024/06/06 16:04:51 [::1]:61805 -HTTP/1.1 GET /user/signup
INFO	2024/06/06 16:04:55 [::1]:61805 -HTTP/1.1 GET /user/signup
INFO	2024/06/06 16:05:03 [::1]:61805 -HTTP/1.1 GET /user/signup
INFO	2024/06/06 16:07:28 Starting server on :4000
INFO	2024/06/06 16:08:09 Starting server on :4000
INFO	2024/06/06 16:08:26 [::1]:61928 -HTTP/1.1 GET /
INFO	2024/06/06 16:08:28 [::1]:61928 -HTTP/1.1 GET /user/signup
INFO	2024/06/06 16:08:28 [::1]:61928 -HTTP/1.1 GET /static/main.css
INFO	2024/06/06 16:09:12 [::1]:61928 -HTTP/1.1 GET /user/signup
INFO	2024/06/06 16:09:12 [::1]:61928 -HTTP/1.1 GET /static/main.css
INFO	2024/06/06 16:09:31 [::1]:61928 -HTTP/1.1 GET /static/main.css
INFO	2024/06/06 16:21:03 [::1]:62262 -HTTP/1.1 POST /user/signup
INFO	2024/06/06 16:21:12 [::1]:62262 -HTTP/1.1 GET /user/signup
INFO	2024/06/06 16:21:15 [::1]:62262 -HTTP/1.1 GET /
INFO	2024/06/06 16:21:15 [::1]:62262 -HTTP/1.1 GET /static/css/main.css
INFO	2024/06/06 16:21:17 [::1]:62262 -HTTP/1.1 GET /user/signup
INFO	2024/06/06 16:21:22 [::1]:62262 -HTTP/1.1 GET /user/signup
INFO	2024/06/06 16:23:02 [::1]:62262 -HTTP/1.1 GET /user/signup
INFO	2024/06/06 16:26:41 Starting server on :4000
INFO	2024/06/06 16:26:50 [::1]:62439 -HTTP/1.1 GET /user/signup
INFO	2024/06/06 16:26:53 [::1]:62439 -HTTP/1.1 GET /user/signup
INFO	2024/06/06 16:26:53 [::1]:62439 -HTTP/1.1 GET /favicon.ico
INFO	2024/06/06 16:26:59 [::1]:62439 -HTTP/1.1 GET /
INFO	2024/06/06 16:27:01 [::1]:62439 -HTTP/1.1 GET /user/signup
INFO	2024/06/06 16:27:06 [::1]:62439 -HTTP/1.1 GET /user/signup
INFO	2024/06/06 16:27:44 Starting server on :4000
INFO	2024/06/06 16:28:19 Starting server on :4000
INFO	2024/06/06 16:28:26 [::1]:62457 -HTTP/1.1 GET /
INFO	2024/06/06 16:28:29 [::1]:62457 -HTTP/1.1 GET /user/signup
INFO	2024/06/06 16:28:29 [::1]:62457 -HTTP/1.1 GET /static/main.css
INFO	2024/06/06 17:03:08 Starting server on :4000
INFO	2024/06/06 17:03:15 [::1]:62679 -HTTP/1.1 GET /user/signup
INFO	2024/06/06 17:03:15 [::1]:62679 -HTTP/1.1 GET /static/main.css
INFO	2024/06/06 17:03:31 [::1]:62679 -HTTP/1.1 POST /user/signup
INFO	2024/06/06 17:03:31 [::1]:62679 -HTTP/1.1 GET /
INFO	2024/06/06 17:03:32 [::1]:62679 -HTTP/1.1 GET /static/css/main.css
INFO	2024/06/06 17:05:26 [::1]:62679 -HTTP/1.1 GET /user/signup
INFO	2024/06/06 17:05:26 [::1]:62679 -HTTP/1.1 GET /static/main.css
INFO	2024/06/06 17:05:53 [::1]:62679 -HTTP/1.1 GET /user/signup
INFO	2024/06/06 17:05:53 [::1]:62679 -HTTP/1.1 GET /static/main.css
INFO	2024/06/06 17:07:14 [::1]:62679 -HTTP/1.1 GET /user/signup
INFO	2024/06/06 17:07:14 [::1]:62679 -HTTP/1.1 GET /static/main.css
INFO	2024/06/06 17:07:15 [::1]:62679 -HTTP/1.1 GET /user/signup
INFO	2024/06/06 17:07:15 [::1]:62679 -HTTP/1.1 GET /static/main.css
INFO	2024/06/06 17:07:38 [::1]:62679 -HTTP/1.1 GET /user/signup
INFO	2024/06/06 17:07:38 [::1]:62679 -HTTP/1.1 GET /static/main.css
INFO	2024/06/06 17:11:59 [::1]:62679 -HTTP/1.1 GET /user/signup
INFO	2024/06/06 17:11:59 [::1]:62679 -HTTP/1.1 GET /static/main.css
INFO	2024/06/06 17:12:15 [::1]:62679 -HTTP/1.1 POST /user/signup
INFO	2024/06/06 17:12:15 [::1]:62679 -HTTP/1.1 GET /
INFO	2024/06/06 17:12:17 [::1]:62679 -HTTP/1.1 GET /user/signup
INFO	2024/06/06 17:12:17 [::1]:62679 -HTTP/1.1 GET /static/main.css
INFO	2024/06/06 17:12:35 [::1]:62679 -HTTP/1.1 POST /user/signup
INFO	2024/06/06 17:12:35 [::1]:62679 -HTTP/1.1 GET /
INFO	2024/06/06 18:16:43 Starting server on :4000
INFO	2024/06/06 18:16:56 [::1]:63333 -HTTP/1.1 GET /user/signup
INFO	2024/06/06 18:16:57 [::1]:63333 -HTTP/1.1 GET /static/main.css
INFO	2024/06/06 18:17:04 [::1]:63333 -HTTP/1.1 GET /
INFO	2024/06/06 18:17:04 [::1]:63333 -HTTP/1.1 GET /static/css/main.css
INFO	2024/06/06 18:17:06 [::1]:63333 -HTTP/1.1 GET /user/signup
INFO	2024/06/06 18:17:06 [::1]:63333 -HTTP/1.1 GET /static/main.css
INFO	2024/06/06 18:17:32 [::1]:63333 -HTTP/1.1 GET /user/login
INFO	2024/06/06 18:17:32 [::1]:63333 -HTTP/1.1 GET /users/login
INFO	2024/06/06 18:21:01 Starting server on :4000
INFO	2024/06/06 18:21:08 [::1]:63361 -HTTP/1.1 GET /users/login
INFO	2024/06/06 18:21:09 [::1]:63361 -HTTP/1.1 GET /users/login
INFO	2024/06/06 18:21:14 [::1]:63361 -HTTP/1.1 GET /
INFO	2024/06/06 18:21:14 [::1]:63361 -HTTP/1.1 GET /static/css/main.css
INFO	2024/06/06 18:21:14 [::1]:63361 -HTTP/1.1 GET /favicon.ico
INFO	2024/06/06 18:21:16 [::1]:63361 -HTTP/1.1 GET /
INFO	2024/06/06 18:21:19 [::1]:63361 -HTTP/1.1 GET /user/signup
INFO	2024/06/06 18:21:19 [::1]:63361 -HTTP/1.1 GET /static/main.css
INFO	2024/06/06 18:21:23 [::1]:63361 -HTTP/1.1 GET /user/login
INFO	2024/06/06 18:21:23 [::1]:63361 -HTTP/1.1 GET /static/main.css
INFO	2024/06/06 18:21:38 [::1]:63361 -HTTP/1.1 POST /user/login
INFO	2024/06/06 18:21:38 [::1]:63361 -HTTP/1.1 GET /users/login
INFO	2024/06/06 18:21:56 [::1]:63361 -HTTP/1.1 POST /user/login
INFO	2024/06/06 18:21:56 [::1]:63361 -HTTP/1.1 GET /users/login
INFO	2024/06/06 18:23:44 Starting server on :4000
INFO	2024/06/06 18:23:55 [::1]:63382 -HTTP/1.1 GET /
INFO	2024/06/06 18:24:07 [::1]:63382 -HTTP/1.1 GET /user/login
INFO	2024/06/06 18:24:07 [::1]:63382 -HTTP/1.1 GET /static/main.css
INFO	2024/06/06 18:24:09 [::1]:63382 -HTTP/1.1 POST /user/login
INFO	2024/06/06 18:24:09 [::1]:63382 -HTTP/1.1 GET /user/login
INFO	2024/06/06 18:24:09 [::1]:63382 -HTTP/1.1 GET /static/main.css
INFO	2024/06/06 18:24:24 [::1]:63382 -HTTP/1.1 POST /user/login
INFO	2024/06/06 18:24:24 [::1]:63382 -HTTP/1.1 GET /user/login
INFO	2024/06/06 18:24:24 [::1]:63382 -HTTP/1.1 GET /static/main.css
INFO	2024/06/06 18:25:37 Starting server on :4000
INFO	2024/06/06 18:25:47 [::1]:63399 -HTTP/1.1 GET /user/login
INFO	2024/06/06 18:25:47 [::1]:63399 -HTTP/1.1 GET /static/main.css
INFO	2024/06/06 18:26:02 [::1]:63399 -HTTP/1.1 POST /user/login
INFO	2024/06/06 18:26:02 [::1]:63399 -HTTP/1.1 GET /user/login
INFO	2024/06/06 18:26:02 [::1]:63399 -HTTP/1.1 GET /static/main.css
INFO	2024/06/06 18:27:20 Starting server on :4000
INFO	2024/06/06 18:27:28 [::1]:63417 -HTTP/1.1 GET /user/login
INFO	2024/06/06 18:27:28 [::1]:63417 -HTTP/1.1 GET /static/main.css
INFO	2024/06/06 18:27:34 [::1]:63417 -HTTP/1.1 POST /user/login
INFO	2024/06/06 18:27:34 [::1]:63417 -HTTP/1.1 GET /user/login
INFO	2024/06/06 18:27:34 [::1]:63417 -HTTP/1.1 GET /static/main.css
INFO	2024/06/06 18:28:42 Starting server on :4000
INFO	2024/06/06 18:28:49 [::1]:63429 -HTTP/1.1 GET /user/login
INFO	2024/06/06 18:28:49 [::1]:63429 -HTTP/1.1 GET /static/main.css
INFO	2024/06/06 18:28:54 [::1]:63429 -HTTP/1.1 POST /user/login
INFO	2024/06/06 18:28:54 [::1]:63429 -HTTP/1.1 GET /user/login
INFO	2024/06/06 18:28:54 [::1]:63429 -HTTP/1.1 GET /static/main.css
INFO	2024/06/06 18:30:21 Starting server on :4000
INFO	2024/06/06 18:30:33 [::1]:63452 -HTTP/1.1 GET /user/login
INFO	2024/06/06 18:30:33 [::1]:63452 -HTTP/1.1 GET /static/main.css
INFO	2024/06/06 18:30:38 [::1]:63452 -HTTP/1.1 POST /user/login
INFO	2024/06/06 18:30:38 [::1]:63452 -HTTP/1.1 GET /
